<?xml version="1.0" encoding="utf-8"?><testsuites name="pytest tests"><testsuite name="pytest" errors="0" failures="0" skipped="0" tests="33" time="4.296" timestamp="2026-03-14T11:22:49.540259+00:00" hostname="agent-env-231b36d0-89f3-4e73-b329-ad45c7bac404"><testcase classname="backend.tests.test_mobile_api.TestHealthCheck" name="test_health_endpoint" time="0.171" /><testcase classname="backend.tests.test_mobile_api.TestAuthentication" name="test_principal_login_success" time="0.366" /><testcase classname="backend.tests.test_mobile_api.TestAuthentication" name="test_teacher_login_success" time="0.283" /><testcase classname="backend.tests.test_mobile_api.TestAuthentication" name="test_student_login_success" time="0.284" /><testcase classname="backend.tests.test_mobile_api.TestAuthentication" name="test_login_invalid_credentials" time="0.059" /><testcase classname="backend.tests.test_mobile_api.TestAuthentication" name="test_get_me_authenticated" time="0.348" /><testcase classname="backend.tests.test_mobile_api.TestAuthentication" name="test_get_me_unauthorized" time="0.066" /><testcase classname="backend.tests.test_mobile_api.TestDashboards" name="test_principal_dashboard" time="0.067" /><testcase classname="backend.tests.test_mobile_api.TestDashboards" name="test_teacher_dashboard" time="0.360" /><testcase classname="backend.tests.test_mobile_api.TestDashboards" name="test_student_dashboard" time="0.339" /><testcase classname="backend.tests.test_mobile_api.TestDashboards" name="test_principal_dashboard_unauthorized" time="0.070" /><testcase classname="backend.tests.test_mobile_api.TestDepartments" name="test_get_all_departments" time="0.057" /><testcase classname="backend.tests.test_mobile_api.TestClasses" name="test_get_all_classes" time="0.062" /><testcase classname="backend.tests.test_mobile_api.TestStudents" name="test_get_students_paginated" time="0.056" /><testcase classname="backend.tests.test_mobile_api.TestStudents" name="test_get_students_with_pagination_params" time="0.056" /><testcase classname="backend.tests.test_mobile_api.TestTeachers" name="test_get_all_teachers" time="0.058" /><testcase classname="backend.tests.test_mobile_api.TestTeachers" name="test_get_teacher_availability_status" time="0.054" /><testcase classname="backend.tests.test_mobile_api.TestAttendance" name="test_get_attendance" time="0.057" /><testcase classname="backend.tests.test_mobile_api.TestAttendance" name="test_bulk_attendance_teacher" time="0.175" /><testcase classname="backend.tests.test_mobile_api.TestAttendance" name="test_attendance_stats" time="0.113" /><testcase classname="backend.tests.test_mobile_api.TestResults" name="test_get_results" time="0.055" /><testcase classname="backend.tests.test_mobile_api.TestResults" name="test_add_result_teacher" time="0.204" /><testcase classname="backend.tests.test_mobile_api.TestFees" name="test_get_fees" time="0.056" /><testcase classname="backend.tests.test_mobile_api.TestNotices" name="test_get_notices_teacher" time="0.054" /><testcase classname="backend.tests.test_mobile_api.TestNotices" name="test_get_notices_student" time="0.052" /><testcase classname="backend.tests.test_mobile_api.TestNotices" name="test_create_notice_principal" time="0.073" /><testcase classname="backend.tests.test_mobile_api.TestNotices" name="test_create_notice_teacher_forbidden" time="0.054" /><testcase classname="backend.tests.test_mobile_api.TestLeaves" name="test_get_leaves" time="0.057" /><testcase classname="backend.tests.test_mobile_api.TestLeaves" name="test_apply_leave_teacher" time="0.077" /><testcase classname="backend.tests.test_mobile_api.TestLeaves" name="test_approve_leave_principal" time="0.115" /><testcase classname="backend.tests.test_mobile_api.TestRoleBasedAuthorization" name="test_student_cannot_access_principal_dashboard" time="0.054" /><testcase classname="backend.tests.test_mobile_api.TestRoleBasedAuthorization" name="test_student_cannot_create_notice" time="0.054" /><testcase classname="backend.tests.test_mobile_api.TestRoleBasedAuthorization" name="test_student_cannot_apply_leave" time="0.060" /></testsuite></testsuites>